[2024-01-08 20:24:20,981 : INFO : common : yaml file: config\config.yaml loaded successfully]
[2024-01-08 20:24:20,987 : INFO : common : yaml file: params.yaml loaded successfully]
[2024-01-08 20:24:44,016 : INFO : common : yaml file: config\config.yaml loaded successfully]
[2024-01-08 20:24:44,019 : INFO : common : yaml file: params.yaml loaded successfully]
[2024-01-08 20:25:31,839 : INFO : common : yaml file: config\config.yaml loaded successfully]
[2024-01-08 20:25:31,845 : INFO : common : yaml file: params.yaml loaded successfully]
[2024-01-08 20:25:31,847 : INFO : common : created directory at: dataset/data_ingestion]
[2024-01-08 20:26:20,213 : INFO : common : yaml file: config\config.yaml loaded successfully]
[2024-01-08 20:26:20,216 : INFO : common : yaml file: params.yaml loaded successfully]
[2024-01-08 20:26:20,217 : INFO : common : created directory at: dataset/data_ingestion]
[2024-01-08 20:26:20,217 : INFO : 1792533023 : data downloaded!]
[2024-01-08 20:26:31,192 : INFO : common : yaml file: config\config.yaml loaded successfully]
[2024-01-08 20:26:31,195 : INFO : common : yaml file: params.yaml loaded successfully]
[2024-01-08 20:26:31,196 : INFO : common : created directory at: dataset/data_ingestion]
[2024-01-08 20:26:31,197 : INFO : 1792533023 : data downloaded!]
[2024-01-08 21:57:46,672 : INFO : common : yaml file: config\config.yaml loaded successfully]
[2024-01-08 21:57:46,677 : INFO : common : yaml file: params.yaml loaded successfully]
[2024-01-08 21:57:46,679 : INFO : common : created directory at: dataset/data_ingestion]
[2024-01-08 21:59:08,023 : INFO : common : yaml file: config\config.yaml loaded successfully]
[2024-01-08 21:59:08,029 : INFO : common : yaml file: params.yaml loaded successfully]
[2024-01-08 21:59:08,032 : INFO : common : created directory at: dataset/data_ingestion]
[2024-01-08 21:59:32,658 : INFO : common : yaml file: config\config.yaml loaded successfully]
[2024-01-08 21:59:32,666 : INFO : common : yaml file: params.yaml loaded successfully]
[2024-01-08 21:59:32,668 : INFO : common : created directory at: dataset/data_ingestion]
[2024-01-08 21:59:48,169 : INFO : common : yaml file: config\config.yaml loaded successfully]
[2024-01-08 21:59:48,173 : INFO : common : yaml file: params.yaml loaded successfully]
[2024-01-08 21:59:48,175 : INFO : common : created directory at: dataset/data_ingestion]
[2024-01-08 22:01:31,046 : INFO : common : yaml file: config\config.yaml loaded successfully]
[2024-01-08 22:01:31,055 : INFO : common : yaml file: params.yaml loaded successfully]
[2024-01-08 22:01:31,059 : INFO : common : created directory at: dataset/data_ingestion]
[2024-01-08 22:04:30,342 : INFO : common : yaml file: config\config.yaml loaded successfully]
[2024-01-08 22:04:30,346 : INFO : common : yaml file: params.yaml loaded successfully]
[2024-01-08 22:04:30,349 : INFO : common : created directory at: dataset/data_ingestion]
[2024-01-08 22:04:56,409 : INFO : common : yaml file: config\config.yaml loaded successfully]
[2024-01-08 22:04:56,414 : INFO : common : yaml file: params.yaml loaded successfully]
[2024-01-08 22:04:56,417 : INFO : common : created directory at: dataset/data_ingestion]
[2024-01-08 22:56:08,483 : INFO : common : yaml file: config\config.yaml loaded successfully]
[2024-01-08 22:56:08,488 : INFO : common : yaml file: params.yaml loaded successfully]
[2024-01-08 22:56:08,490 : INFO : common : created directory at: model/]
[2024-01-08 22:56:52,801 : INFO : common : yaml file: config\config.yaml loaded successfully]
[2024-01-08 22:56:52,803 : INFO : common : yaml file: params.yaml loaded successfully]
[2024-01-08 22:56:52,805 : INFO : common : created directory at: model/]
[2024-01-08 22:57:34,816 : INFO : common : yaml file: config\config.yaml loaded successfully]
[2024-01-08 22:57:34,818 : INFO : common : yaml file: params.yaml loaded successfully]
[2024-01-08 22:57:34,820 : INFO : common : created directory at: model/]
[2024-01-08 22:59:01,107 : INFO : common : yaml file: config\config.yaml loaded successfully]
[2024-01-08 22:59:01,116 : INFO : common : yaml file: params.yaml loaded successfully]
[2024-01-08 22:59:01,118 : INFO : common : created directory at: model/]
[2024-01-08 22:59:24,458 : INFO : common : yaml file: config\config.yaml loaded successfully]
[2024-01-08 22:59:24,462 : INFO : common : yaml file: params.yaml loaded successfully]
[2024-01-08 22:59:24,463 : INFO : common : created directory at: model/]
[2024-01-08 23:04:41,012 : INFO : common : yaml file: config\config.yaml loaded successfully]
[2024-01-08 23:04:41,016 : INFO : common : yaml file: params.yaml loaded successfully]
[2024-01-08 23:04:41,018 : INFO : common : created directory at: model/]
[2024-01-08 23:04:43,648 : INFO : common : created directory at: dataset/data_ingestion]
[2024-01-08 23:04:55,260 : INFO : common : yaml file: config\config.yaml loaded successfully]
[2024-01-08 23:04:55,263 : INFO : common : yaml file: params.yaml loaded successfully]
[2024-01-08 23:04:55,265 : INFO : common : created directory at: model/]
[2024-01-08 23:04:57,987 : INFO : common : created directory at: dataset/data_ingestion]
[2024-01-08 23:05:54,572 : INFO : common : yaml file: config\config.yaml loaded successfully]
[2024-01-08 23:05:54,575 : INFO : common : yaml file: params.yaml loaded successfully]
[2024-01-08 23:05:54,576 : INFO : common : created directory at: model/]
[2024-01-08 23:05:57,654 : INFO : common : created directory at: dataset/data_ingestion]
[2024-01-08 23:05:59,980 : WARNING : functional : Model was constructed with shape (None, 224, 224, 3) for input KerasTensor(type_spec=TensorSpec(shape=(None, 224, 224, 3), dtype=tf.float32, name='input_5'), name='input_5', description="created by layer 'input_5'"), but it was called on an input with incompatible shape (None, 224, 224, 1).]
[2024-01-08 23:09:14,853 : INFO : common : yaml file: config\config.yaml loaded successfully]
[2024-01-08 23:09:14,857 : INFO : common : yaml file: params.yaml loaded successfully]
[2024-01-08 23:09:14,859 : INFO : common : created directory at: model/]
[2024-01-08 23:09:17,199 : INFO : common : created directory at: dataset/data_ingestion]
[2024-01-09 10:37:35,369 : INFO : common : yaml file: config\config.yaml loaded successfully]
[2024-01-09 10:37:35,410 : INFO : common : yaml file: params.yaml loaded successfully]
[2024-01-09 10:37:35,412 : INFO : common : created directory at: model/]
[2024-01-09 10:37:37,392 : INFO : common : created directory at: dataset/data_ingestion]
[2024-01-09 10:37:42,464 : WARNING : deprecation : From c:\Users\nagas\anaconda3\envs\cirq\lib\site-packages\tensorflow\python\autograph\pyct\static_analysis\liveness.py:83: Analyzer.lamba_check (from tensorflow.python.autograph.pyct.static_analysis.liveness) is deprecated and will be removed after 2023-09-23.
Instructions for updating:
Lambda fuctions will be no more assumed to be used in the statement where they are used, or at least in the same block. https://github.com/tensorflow/tensorflow/issues/56089]
[2024-01-09 10:44:00,092 : INFO : common : yaml file: config\config.yaml loaded successfully]
[2024-01-09 10:44:00,099 : INFO : common : yaml file: params.yaml loaded successfully]
[2024-01-09 10:44:00,101 : INFO : common : created directory at: model/]
[2024-01-09 10:51:51,492 : INFO : common : yaml file: config\config.yaml loaded successfully]
[2024-01-09 10:51:51,494 : INFO : common : yaml file: params.yaml loaded successfully]
[2024-01-09 10:51:51,497 : INFO : common : created directory at: model/]
[2024-01-09 10:51:53,524 : INFO : common : created directory at: dataset/data_ingestion]
[2024-01-10 19:35:12,374 : INFO : common : yaml file: config\config.yaml loaded successfully]
[2024-01-10 19:35:12,389 : INFO : common : yaml file: params.yaml loaded successfully]
[2024-01-10 19:35:12,389 : INFO : common : created directory at: model/]
[2024-01-10 19:36:46,417 : INFO : common : yaml file: config\config.yaml loaded successfully]
[2024-01-10 19:36:46,419 : INFO : common : yaml file: params.yaml loaded successfully]
[2024-01-10 19:36:46,419 : INFO : common : created directory at: model/]
[2024-01-10 19:37:42,665 : INFO : common : yaml file: config\config.yaml loaded successfully]
[2024-01-10 19:37:42,667 : INFO : common : yaml file: params.yaml loaded successfully]
[2024-01-10 19:37:42,667 : INFO : common : created directory at: model/]
[2024-01-10 19:38:10,167 : INFO : common : yaml file: config\config.yaml loaded successfully]
[2024-01-10 19:38:10,169 : INFO : common : yaml file: params.yaml loaded successfully]
[2024-01-10 19:38:10,170 : INFO : common : created directory at: model/]
[2024-01-10 19:38:51,472 : INFO : common : yaml file: config\config.yaml loaded successfully]
[2024-01-10 19:38:51,474 : INFO : common : yaml file: params.yaml loaded successfully]
[2024-01-10 19:38:51,475 : INFO : common : created directory at: model/]
[2024-01-10 19:39:23,719 : INFO : common : yaml file: config\config.yaml loaded successfully]
[2024-01-10 19:39:23,721 : INFO : common : yaml file: params.yaml loaded successfully]
[2024-01-10 19:39:23,722 : INFO : common : created directory at: model/]
[2024-01-10 19:40:36,917 : INFO : common : yaml file: config\config.yaml loaded successfully]
[2024-01-10 19:40:36,919 : INFO : common : yaml file: params.yaml loaded successfully]
[2024-01-10 19:40:36,919 : INFO : common : created directory at: model/]
[2024-01-10 19:44:15,226 : INFO : common : yaml file: config\config.yaml loaded successfully]
[2024-01-10 19:44:15,228 : INFO : common : yaml file: params.yaml loaded successfully]
[2024-01-10 19:44:15,228 : INFO : common : created directory at: model/]
[2024-01-10 19:44:56,189 : INFO : common : yaml file: config\config.yaml loaded successfully]
[2024-01-10 19:44:56,190 : INFO : common : yaml file: params.yaml loaded successfully]
[2024-01-10 19:44:56,191 : INFO : common : created directory at: model/]
[2024-01-10 20:14:22,084 : INFO : common : yaml file: config\config.yaml loaded successfully]
[2024-01-10 20:14:22,091 : INFO : common : yaml file: params.yaml loaded successfully]
[2024-01-10 20:14:22,176 : INFO : common : created directory at: model/]
[2024-01-10 20:14:31,682 : INFO : common : yaml file: config\config.yaml loaded successfully]
[2024-01-10 20:14:31,685 : INFO : common : yaml file: params.yaml loaded successfully]
[2024-01-10 20:14:31,685 : INFO : common : created directory at: model/]
